Using pre-set license
Built from '2021.3/staging' branch; Version is '2021.3.16f1 (4016570cf34f) revision 4200023'; Using compiler version '192829333'; Build Type 'Release'
OS: 'Windows 11  (10.0.22621) 64bit Core' Language: 'ko' Physical Memory: 32644 MB
BatchMode: 1, IsHumanControllingUs: 0, StartBugReporterOnCrash: 0, Is64bit: 1, IsPro: 1

COMMAND LINE ARGUMENTS:
C:\Program Files\Unity\Hub\Editor\2021.3.16f1\Editor\Unity.exe
-adb2
-batchMode
-noUpm
-name
AssetImportWorker0
-projectPath
C:/Users/jj/GitHub/VRProjectTowerDefence
-logFile
Logs/AssetImportWorker0.log
-srvPort
55585
Successfully changed project path to: C:/Users/jj/GitHub/VRProjectTowerDefence
C:/Users/jj/GitHub/VRProjectTowerDefence
[UnityMemory] Configuration Parameters - Can be set up in boot.config
    "memorysetup-bucket-allocator-granularity=16"
    "memorysetup-bucket-allocator-bucket-count=8"
    "memorysetup-bucket-allocator-block-size=33554432"
    "memorysetup-bucket-allocator-block-count=8"
    "memorysetup-main-allocator-block-size=16777216"
    "memorysetup-thread-allocator-block-size=16777216"
    "memorysetup-gfx-main-allocator-block-size=16777216"
    "memorysetup-gfx-thread-allocator-block-size=16777216"
    "memorysetup-cache-allocator-block-size=4194304"
    "memorysetup-typetree-allocator-block-size=2097152"
    "memorysetup-profiler-bucket-allocator-granularity=16"
    "memorysetup-profiler-bucket-allocator-bucket-count=8"
    "memorysetup-profiler-bucket-allocator-block-size=33554432"
    "memorysetup-profiler-bucket-allocator-block-count=8"
    "memorysetup-profiler-allocator-block-size=16777216"
    "memorysetup-profiler-editor-allocator-block-size=1048576"
    "memorysetup-temp-allocator-size-main=16777216"
    "memorysetup-job-temp-allocator-block-size=2097152"
    "memorysetup-job-temp-allocator-block-size-background=1048576"
    "memorysetup-job-temp-allocator-reduction-small-platforms=262144"
    "memorysetup-temp-allocator-size-background-worker=32768"
    "memorysetup-temp-allocator-size-job-worker=262144"
    "memorysetup-temp-allocator-size-preload-manager=33554432"
    "memorysetup-temp-allocator-size-nav-mesh-worker=65536"
    "memorysetup-temp-allocator-size-audio-worker=65536"
    "memorysetup-temp-allocator-size-cloud-worker=32768"
    "memorysetup-temp-allocator-size-gi-baking-worker=262144"
    "memorysetup-temp-allocator-size-gfx=262144"
Player connection [5964] Host "[IP] 192.168.1.67 [Port] 0 [Flags] 2 [Guid] 2931526771 [EditorId] 2931526771 [Version] 1048832 [Id] WindowsEditor(7,DESKTOP-OJQRPAA) [Debug] 1 [PackageName] WindowsEditor [ProjectName] Editor" joined multi-casting on [225.0.0.222:54997]...

Player connection [5964] Host "[IP] 192.168.1.67 [Port] 0 [Flags] 2 [Guid] 2931526771 [EditorId] 2931526771 [Version] 1048832 [Id] WindowsEditor(7,DESKTOP-OJQRPAA) [Debug] 1 [PackageName] WindowsEditor [ProjectName] Editor" joined alternative multi-casting on [225.0.0.222:34997]...

Refreshing native plugins compatible for Editor in 86.75 ms, found 3 plugins.
Preloading 0 native plugins for Editor in 0.00 ms.
Initialize engine version: 2021.3.16f1 (4016570cf34f)
[Subsystems] Discovering subsystems at path C:/Program Files/Unity/Hub/Editor/2021.3.16f1/Editor/Data/Resources/UnitySubsystems
[Subsystems] Discovering subsystems at path C:/Users/jj/GitHub/VRProjectTowerDefence/Assets
GfxDevice: creating device client; threaded=0; jobified=0
Direct3D:
    Version:  Direct3D 11.0 [level 11.1]
    Renderer: NVIDIA GeForce GTX 1070 (ID=0x1be1)
    Vendor:   NVIDIA
    VRAM:     8082 MB
    Driver:   30.0.15.1278
Initialize mono
Mono path[0] = 'C:/Program Files/Unity/Hub/Editor/2021.3.16f1/Editor/Data/Managed'
Mono path[1] = 'C:/Program Files/Unity/Hub/Editor/2021.3.16f1/Editor/Data/MonoBleedingEdge/lib/mono/unityjit-win32'
Mono config path = 'C:/Program Files/Unity/Hub/Editor/2021.3.16f1/Editor/Data/MonoBleedingEdge/etc'
Using monoOptions --debugger-agent=transport=dt_socket,embedding=1,server=y,suspend=n,address=127.0.0.1:56784
Begin MonoManager ReloadAssembly
Registering precompiled unity dll's ...
Register platform support module: C:/Program Files/Unity/Hub/Editor/2021.3.16f1/Editor/Data/PlaybackEngines/WebGLSupport/UnityEditor.WebGL.Extensions.dll
Register platform support module: C:/Program Files/Unity/Hub/Editor/2021.3.16f1/Editor/Data/PlaybackEngines/AndroidPlayer/UnityEditor.Android.Extensions.dll
Register platform support module: C:/Program Files/Unity/Hub/Editor/2021.3.16f1/Editor/Data/PlaybackEngines/WindowsStandaloneSupport/UnityEditor.WindowsStandalone.Extensions.dll
Registered in 0.006928 seconds.
Native extension for WindowsStandalone target not found
Native extension for Android target not found
Native extension for WebGL target not found
Refreshing native plugins compatible for Editor in 99.69 ms, found 3 plugins.
Preloading 0 native plugins for Editor in 0.00 ms.
Mono: successfully reloaded assembly
- Completed reload, in  0.719 seconds
Domain Reload Profiling:
	ReloadAssembly (720ms)
		BeginReloadAssembly (72ms)
			ExecutionOrderSort (0ms)
			DisableScriptedObjects (0ms)
			BackupInstance (0ms)
			ReleaseScriptingObjects (0ms)
			CreateAndSetChildDomain (1ms)
		EndReloadAssembly (529ms)
			LoadAssemblies (70ms)
			RebuildTransferFunctionScriptingTraits (0ms)
			SetupTypeCache (123ms)
			ReleaseScriptCaches (0ms)
			RebuildScriptCaches (31ms)
			SetupLoadedEditorAssemblies (324ms)
				LogAssemblyErrors (0ms)
				InitializePlatformSupportModulesInManaged (59ms)
				SetLoadedEditorAssemblies (2ms)
				RefreshPlugins (100ms)
				BeforeProcessingInitializeOnLoad (1ms)
				ProcessInitializeOnLoadAttributes (113ms)
				ProcessInitializeOnLoadMethodAttributes (49ms)
				AfterProcessingInitializeOnLoad (0ms)
				EditorAssembliesLoaded (0ms)
			ExecutionOrderSort2 (0ms)
			AwakeInstancesAfterBackupRestoration (0ms)
Platform modules already initialized, skipping
Registering precompiled user dll's ...
Registered in 0.005973 seconds.
Begin MonoManager ReloadAssembly
Symbol file LoadedFromMemory doesn't match image C:\Users\jj\GitHub\VRProjectTowerDefence\Library\PackageCache\com.unity.visualscripting@1.7.8\Editor\VisualScripting.Core\Dependencies\YamlDotNet\Unity.VisualScripting.YamlDotNet.dll
Symbol file LoadedFromMemory doesn't match image C:\Users\jj\GitHub\VRProjectTowerDefence\Library\PackageCache\com.unity.visualscripting@1.7.8\Editor\VisualScripting.Core\Dependencies\DotNetZip\Unity.VisualScripting.IonicZip.dll
Native extension for WindowsStandalone target not found
Native extension for Android target not found
Native extension for WebGL target not found
Refreshing native plugins compatible for Editor in 0.59 ms, found 3 plugins.
Preloading 0 native plugins for Editor in 0.00 ms.
Mono: successfully reloaded assembly
- Completed reload, in  1.209 seconds
Domain Reload Profiling:
	ReloadAssembly (1210ms)
		BeginReloadAssembly (215ms)
			ExecutionOrderSort (0ms)
			DisableScriptedObjects (6ms)
			BackupInstance (0ms)
			ReleaseScriptingObjects (0ms)
			CreateAndSetChildDomain (127ms)
		EndReloadAssembly (879ms)
			LoadAssemblies (75ms)
			RebuildTransferFunctionScriptingTraits (0ms)
			SetupTypeCache (307ms)
			ReleaseScriptCaches (1ms)
			RebuildScriptCaches (51ms)
			SetupLoadedEditorAssemblies (400ms)
				LogAssemblyErrors (0ms)
				InitializePlatformSupportModulesInManaged (19ms)
				SetLoadedEditorAssemblies (1ms)
				RefreshPlugins (1ms)
				BeforeProcessingInitializeOnLoad (94ms)
				ProcessInitializeOnLoadAttributes (254ms)
				ProcessInitializeOnLoadMethodAttributes (26ms)
				AfterProcessingInitializeOnLoad (7ms)
				EditorAssembliesLoaded (0ms)
			ExecutionOrderSort2 (0ms)
			AwakeInstancesAfterBackupRestoration (7ms)
Platform modules already initialized, skipping
========================================================================
Worker process is ready to serve import requests
Launched and connected shader compiler UnityShaderCompiler.exe after 0.04 seconds
Refreshing native plugins compatible for Editor in 0.52 ms, found 3 plugins.
Preloading 0 native plugins for Editor in 0.00 ms.
Unloading 3361 Unused Serialized files (Serialized files now loaded: 0)
Unloading 27 unused Assets / (113.3 KB). Loaded Objects now: 3820.
Memory consumption went from 115.6 MB to 115.5 MB.
Total: 3.685400 ms (FindLiveObjects: 0.263900 ms CreateObjectMapping: 0.185200 ms MarkObjects: 3.094800 ms  DeleteObjects: 0.140600 ms)

AssetImportParameters requested are different than current active one (requested -> active):
  custom:video-decoder-ogg-theora: a1e56fd34408186e4bbccfd4996cb3dc -> 
  custom:container-muxer-webm: aa71ff27fc2769a1b78a27578f13a17b -> 
  custom:container-demuxer-webm: 4f35f7cbe854078d1ac9338744f61a02 -> 
  custom:video-encoder-webm-vp8: eb34c28f22e8b96e1ab97ce403110664 -> 
  custom:audio-encoder-webm-vorbis: bf7c407c2cedff20999df2af8eb42d56 -> 
  custom:framework-win-MediaFoundation: 216162199b28c13a410421893ffa2e32 -> 
  custom:container-demuxer-ogg: 62fdf1f143b41e24485cea50d1cbac27 -> 
  custom:video-decoder-webm-vp8: 9c59270c3fd7afecdb556c50c9e8de78 -> 
  custom:audio-decoder-ogg-vorbis: bf7c407c2cedff20999df2af8eb42d56 -> 
========================================================================
Received Import Request.
  Time since last request: 282242.989574 seconds.
  path: Assets/MRG
  artifactKey: Guid(47d551a4e1d169c46b14d25439872147) Importer(815301076,1909f56bfc062723c751e8b465ee728b)
Start importing Assets/MRG using Guid(47d551a4e1d169c46b14d25439872147) Importer(815301076,1909f56bfc062723c751e8b465ee728b)  -> (artifact id: 'ed9f785b6cadd00f95c20d66b7d785cd') in 0.011318 seconds 
========================================================================
Received Import Request.
  Time since last request: 0.058351 seconds.
  path: Assets/Scenes/SampleScene 1.unity
  artifactKey: Guid(213e8c3f744122341a1e21e22f074e07) Importer(815301076,1909f56bfc062723c751e8b465ee728b)
Start importing Assets/Scenes/SampleScene 1.unity using Guid(213e8c3f744122341a1e21e22f074e07) Importer(815301076,1909f56bfc062723c751e8b465ee728b)  -> (artifact id: '8e4ff2f6fe9d8321b24b59175d278f02') in 0.006321 seconds 
========================================================================
Received Import Request.
  Time since last request: 0.434461 seconds.
  path: Assets/Scenes/SampleScene 2.unity
  artifactKey: Guid(1123e29d44db08248b3aa34582b751f1) Importer(815301076,1909f56bfc062723c751e8b465ee728b)
Start importing Assets/Scenes/SampleScene 2.unity using Guid(1123e29d44db08248b3aa34582b751f1) Importer(815301076,1909f56bfc062723c751e8b465ee728b)  -> (artifact id: '610d7682be5863cd6d5adfef059f2e3f') in 0.005462 seconds 
========================================================================
Received Import Request.
  Time since last request: 0.621331 seconds.
  path: Assets/Scenes/SampleScene 3.unity
  artifactKey: Guid(b80e3264a6afde94488b331e3fa17755) Importer(815301076,1909f56bfc062723c751e8b465ee728b)
Start importing Assets/Scenes/SampleScene 3.unity using Guid(b80e3264a6afde94488b331e3fa17755) Importer(815301076,1909f56bfc062723c751e8b465ee728b)  -> (artifact id: '1245b297e472daf4ffd2287a50ecc673') in 0.005420 seconds 
========================================================================
Received Import Request.
  Time since last request: 1.435679 seconds.
  path: Assets/Scenes/SampleScene 4.unity
  artifactKey: Guid(7fb354718c5ca574582d237e226e7e79) Importer(815301076,1909f56bfc062723c751e8b465ee728b)
Start importing Assets/Scenes/SampleScene 4.unity using Guid(7fb354718c5ca574582d237e226e7e79) Importer(815301076,1909f56bfc062723c751e8b465ee728b)  -> (artifact id: 'e2d718709f2a4a6dcfb5ce32d93cb6a0') in 0.005528 seconds 
========================================================================
Received Import Request.
  Time since last request: 4.793882 seconds.
  path: Assets/Scenes/SampleSceneJS.unity
  artifactKey: Guid(213e8c3f744122341a1e21e22f074e07) Importer(815301076,1909f56bfc062723c751e8b465ee728b)
Start importing Assets/Scenes/SampleSceneJS.unity using Guid(213e8c3f744122341a1e21e22f074e07) Importer(815301076,1909f56bfc062723c751e8b465ee728b)  -> (artifact id: '277e73834eae48b6f945d00e2507b93d') in 0.005566 seconds 
========================================================================
Received Import Request.
  Time since last request: 5.920271 seconds.
  path: Assets/Scenes/SampleSceneCW.unity
  artifactKey: Guid(7fb354718c5ca574582d237e226e7e79) Importer(815301076,1909f56bfc062723c751e8b465ee728b)
Start importing Assets/Scenes/SampleSceneCW.unity using Guid(7fb354718c5ca574582d237e226e7e79) Importer(815301076,1909f56bfc062723c751e8b465ee728b)  -> (artifact id: '58ba8dab95e931f7854e1a2fbb193ea4') in 0.005406 seconds 
========================================================================
Received Import Request.
  Time since last request: 4.997033 seconds.
  path: Assets/Scenes/SampleScenePCL.unity
  artifactKey: Guid(b80e3264a6afde94488b331e3fa17755) Importer(815301076,1909f56bfc062723c751e8b465ee728b)
Start importing Assets/Scenes/SampleScenePCL.unity using Guid(b80e3264a6afde94488b331e3fa17755) Importer(815301076,1909f56bfc062723c751e8b465ee728b)  -> (artifact id: '6bc14a30395d09c0c3117585892b3768') in 0.005643 seconds 
========================================================================
Received Import Request.
  Time since last request: 4.607354 seconds.
  path: Assets/Scenes/SampleSceneLJS.unity
  artifactKey: Guid(213e8c3f744122341a1e21e22f074e07) Importer(815301076,1909f56bfc062723c751e8b465ee728b)
Start importing Assets/Scenes/SampleSceneLJS.unity using Guid(213e8c3f744122341a1e21e22f074e07) Importer(815301076,1909f56bfc062723c751e8b465ee728b)  -> (artifact id: '6ce9b6e93b9cc2dfd74372feb7554488') in 0.005653 seconds 
========================================================================
Received Import Request.
  Time since last request: 4.353622 seconds.
  path: Assets/Scenes/SampleSceneLCW.unity
  artifactKey: Guid(7fb354718c5ca574582d237e226e7e79) Importer(815301076,1909f56bfc062723c751e8b465ee728b)
Start importing Assets/Scenes/SampleSceneLCW.unity using Guid(7fb354718c5ca574582d237e226e7e79) Importer(815301076,1909f56bfc062723c751e8b465ee728b)  -> (artifact id: '43093dd450e680a6405bf4b3eb41019c') in 0.005783 seconds 
========================================================================
Received Import Request.
  Time since last request: 11.036774 seconds.
  path: Assets/LCW/Scenes
  artifactKey: Guid(4c6511f36c6acba4e8aabad8a7c4dc9d) Importer(815301076,1909f56bfc062723c751e8b465ee728b)
Start importing Assets/LCW/Scenes using Guid(4c6511f36c6acba4e8aabad8a7c4dc9d) Importer(815301076,1909f56bfc062723c751e8b465ee728b)  -> (artifact id: 'e48e8fca0ac66af310a7e0291e2c461e') in 0.001865 seconds 
========================================================================
Received Import Request.
  Time since last request: 6.084879 seconds.
  path: Assets/LJS/Scenes
  artifactKey: Guid(4bdf7f4d4007d4a46b9a4d4770d08073) Importer(815301076,1909f56bfc062723c751e8b465ee728b)
Start importing Assets/LJS/Scenes using Guid(4bdf7f4d4007d4a46b9a4d4770d08073) Importer(815301076,1909f56bfc062723c751e8b465ee728b)  -> (artifact id: '114e0c70fde20d7c3ba94260ac84d659') in 0.002070 seconds 
========================================================================
Received Import Request.
  Time since last request: 4.487504 seconds.
  path: Assets/MRG/Scenes
  artifactKey: Guid(62065d578c215b94c90f0958f6649444) Importer(815301076,1909f56bfc062723c751e8b465ee728b)
Start importing Assets/MRG/Scenes using Guid(62065d578c215b94c90f0958f6649444) Importer(815301076,1909f56bfc062723c751e8b465ee728b)  -> (artifact id: '221041629d7ce0688e7e99a20c02d186') in 0.002018 seconds 
========================================================================
Received Import Request.
  Time since last request: 4.944642 seconds.
  path: Assets/PCL/Scenes
  artifactKey: Guid(b44dbcb5e435ee942b39323c593a94b1) Importer(815301076,1909f56bfc062723c751e8b465ee728b)
Start importing Assets/PCL/Scenes using Guid(b44dbcb5e435ee942b39323c593a94b1) Importer(815301076,1909f56bfc062723c751e8b465ee728b)  -> (artifact id: 'accad3b3660472db691fa8793c2f42ec') in 0.002214 seconds 
========================================================================
Received Import Request.
  Time since last request: 34.144830 seconds.
  path: Assets/Scenes/SampleSceneMRG.unity
  artifactKey: Guid(1123e29d44db08248b3aa34582b751f1) Importer(815301076,1909f56bfc062723c751e8b465ee728b)
Start importing Assets/Scenes/SampleSceneMRG.unity using Guid(1123e29d44db08248b3aa34582b751f1) Importer(815301076,1909f56bfc062723c751e8b465ee728b)  -> (artifact id: '8eb2275c3ede141a550aa8793577cb18') in 0.006052 seconds 
